<?xml version="1.0" encoding="UTF-8"?>
<!-- Generated by org.testng.reporters.JUnitReportReporter -->
<testsuite skipped="1" hostname="DINESH" name="com.testng.Blaze" tests="3" failures="0" timestamp="06 Sep 2022 10:34:05 GMT" time="4.557" errors="0">
  <testcase name="main" time="3.392" classname="com.testng.Blaze"/>
  <testcase name="m2" time="1.165" classname="com.testng.Blaze"/>
  <testcase name="m1" classname="com.testng.Blaze">
    <skipped/>
  </testcase> <!-- m1 -->
</testsuite> <!-- com.testng.Blaze -->
