<?xml version="1.0" encoding="UTF-8"?>
<!-- Generated by org.testng.reporters.JUnitReportReporter -->
<testsuite skipped="0" hostname="DINESH" name="com.seleniumall.webtable" tests="1" failures="0" timestamp="07 Oct 2022 06:27:39 GMT" time="36.647" errors="0">
  <testcase name="main" time="36.647" classname="com.seleniumall.webtable"/>
</testsuite> <!-- com.seleniumall.webtable -->
