<?xml version="1.0" encoding="UTF-8"?>
<!-- Generated by org.testng.reporters.JUnitReportReporter -->
<testsuite skipped="0" hostname="DINESH" name="com.testng.Task1" tests="1" failures="0" timestamp="07 Oct 2022 17:39:48 GMT" time="0.015" errors="0">
  <testcase name="jan" time="0.015" classname="com.testng.Task1"/>
</testsuite> <!-- com.testng.Task1 -->
