<?xml version="1.0" encoding="UTF-8"?>
<!-- Generated by org.testng.reporters.JUnitReportReporter -->
<testsuite skipped="0" hostname="DINESH" name="com.seleniumall.dropdown" tests="1" failures="0" timestamp="07 Oct 2022 17:47:53 GMT" time="36.220" errors="0">
  <testcase name="main" time="36.220" classname="com.seleniumall.dropdown"/>
</testsuite> <!-- com.seleniumall.dropdown -->
