<?xml version="1.0" encoding="UTF-8"?>
<!-- Generated by org.testng.reporters.JUnitReportReporter -->
<testsuite skipped="0" hostname="DINESH" name="com.testng.Dataprovidertask" tests="5" failures="0" timestamp="07 Sep 2022 04:12:09 GMT" time="45.602" errors="0">
  <testcase name="amazon" time="18.195" classname="com.testng.Dataprovidertask"/>
  <testcase name="amazon" time="5.527" classname="com.testng.Dataprovidertask"/>
  <testcase name="amazon" time="6.423" classname="com.testng.Dataprovidertask"/>
  <testcase name="amazon" time="6.451" classname="com.testng.Dataprovidertask"/>
  <testcase name="amazon" time="9.006" classname="com.testng.Dataprovidertask"/>
</testsuite> <!-- com.testng.Dataprovidertask -->
