<?xml version="1.0" encoding="UTF-8"?>
<!-- Generated by org.testng.reporters.JUnitReportReporter -->
<testsuite skipped="0" hostname="DINESH" name="com.testng.OverallFlight" tests="2" failures="0" timestamp="06 Sep 2022 07:21:28 GMT" time="10.782" errors="0">
  <testcase name="a" time="4.565" classname="com.testng.OverallFlight"/>
  <testcase name="b" time="6.217" classname="com.testng.OverallFlight"/>
</testsuite> <!-- com.testng.OverallFlight -->
