<?xml version="1.0" encoding="UTF-8"?>
<!-- Generated by org.testng.reporters.JUnitReportReporter -->
<testsuite skipped="0" hostname="DINESH" name="com.sample.sample2" tests="4" failures="0" timestamp="04 Sep 2022 07:26:13 GMT" time="0.028" errors="0">
  <testcase name="m2" time="0.003" classname="com.sample.sample2"/>
  <testcase name="m3" time="0.002" classname="com.sample.sample2"/>
  <testcase name="m1" time="0.022" classname="com.sample.sample2"/>
  <testcase name="m4" time="0.001" classname="com.sample.sample2"/>
</testsuite> <!-- com.sample.sample2 -->
