<?xml version="1.0" encoding="UTF-8"?>
<!-- Generated by org.testng.reporters.JUnitReportReporter -->
<testsuite skipped="0" hostname="DINESH" name="com.seleniumall.A" tests="3" failures="0" timestamp="07 Oct 2022 18:02:11 GMT" time="19.093" errors="0">
  <testcase name="main" time="3.655" classname="com.seleniumall.A"/>
  <testcase name="main" time="8.403" classname="com.seleniumall.A"/>
  <testcase name="main" time="7.035" classname="com.seleniumall.A"/>
</testsuite> <!-- com.seleniumall.A -->
